<?xml version="1.0" encoding="UTF-8"?>
<!-- Generated by org.testng.reporters.JUnitReportReporter -->
<testsuite hostname="DESKTOP-B2556SA" failures="0" tests="2" name="tesing.NewTestng1" time="28.886" errors="0" timestamp="2022-02-11T18:46:56 IST" skipped="0">
  <testcase classname="tesing.NewTestng1" name="login" time="5.291"/>
  <system-out/>
  <testcase classname="tesing.NewTestng1" name="login" time="23.595"/>
  <system-out/>
</testsuite> <!-- tesing.NewTestng1 -->
