<?xml version="1.0" encoding="UTF-8"?>
<!-- Generated by org.testng.reporters.JUnitReportReporter -->
<testsuite hostname="DESKTOP-B2556SA" failures="0" tests="1" name="pom.pagetest" time="0.879" errors="0" timestamp="2022-03-04T22:29:04 IST" skipped="0">
  <testcase classname="pom.pagetest" name="login" time="0.879"/>
  <system-out/>
</testsuite> <!-- pom.pagetest -->
